#
# A fatal error has been detected by the Java Runtime Environment:
#
#  EXCEPTION_ACCESS_VIOLATION (0xc0000005) at pc=0x00007ffd5aaf16ec, pid=33396, tid=0x00000000000060fc
#
# JRE version: Java(TM) SE Runtime Environment (8.0_144-b01) (build 1.8.0_144-b01)
# Java VM: Java HotSpot(TM) 64-Bit Server VM (25.144-b01 mixed mode windows-amd64 compressed oops)
# Problematic frame:
# C  [lwjgl_opengl.dll+0x116ec]
#
# Failed to write core dump. Minidumps are not enabled by default on client versions of Windows
#
# If you would like to submit a bug report, please visit:
#   http://bugreport.java.com/bugreport/crash.jsp
# The crash happened outside the Java Virtual Machine in native code.
# See problematic frame for where to report the bug.
#

---------------  T H R E A D  ---------------

Current thread (0x0000000004632800):  JavaThread "main" [_thread_in_native, id=24828, stack(0x0000000004420000,0x0000000004520000)]

siginfo: ExceptionCode=0xc0000005, reading address 0x0000000000004268

Registers:
RAX=0x00000000611d1d50, RBX=0x0000000018e906c0, RCX=0x0000000000000000, RDX=0x0000000000000000
RSP=0x000000000451e548, RBP=0x000000000451e5d8, RSI=0x0000000004632800, RDI=0x0000000004737da0
R8 =0x0000000000000280, R9 =0x00000000000001e0, R10=0x0000000000000000, R11=0x0000000060c5bc50
R12=0x0000000000000000, R13=0x0000000018e906b8, R14=0x000000000451e610, R15=0x0000000004632800
RIP=0x00007ffd5aaf16ec, EFLAGS=0x0000000000010202

Top of Stack: (sp=0x000000000451e548)
0x000000000451e548:   0000000004747f74 0000000004632800
0x000000000451e558:   0000000004737da0 0000000004737da0
0x000000000451e568:   0000000004747ceb 0000000000000280
0x000000000451e578:   00000000000001e0 0000000004632800
0x000000000451e588:   0000000004632800 0000000004747ca2
0x000000000451e598:   000000000451e598 0000000018e906b8
0x000000000451e5a8:   000000000451e610 0000000018e9bbd0
0x000000000451e5b8:   0000000000000000 0000000018e906c0
0x000000000451e5c8:   0000000000000000 000000000451e5f8
0x000000000451e5d8:   000000000451e658 000000000473835d
0x000000000451e5e8:   00000000d62089f0 00000000047419d8
0x000000000451e5f8:   00000000000001e0 0000000000000280
0x000000000451e608:   0000000000000000 0000000000000000
0x000000000451e618:   000000000451e618 0000000018e6030d
0x000000000451e628:   000000000451e688 0000000018e61530
0x000000000451e638:   0000000000000000 0000000018e60348 

Instructions: (pc=0x00007ffd5aaf16ec)
0x00007ffd5aaf16cc:   cc cc cc cc 40 53 48 8b 01 41 8b d8 44 8b 44 24
0x00007ffd5aaf16dc:   30 41 8b d1 44 8b 4c 24 38 8b cb 4c 8b 50 18 5b
0x00007ffd5aaf16ec:   49 ff a2 68 42 00 00 cc cc cc cc cc cc cc cc cc
0x00007ffd5aaf16fc:   cc cc cc cc 40 53 48 83 ec 50 48 8b 01 41 8b d8 


Register to memory mapping:

RAX=0x00000000611d1d50 is an unknown value
RBX={method} {0x0000000018e906c8} 'glViewport' '(IIII)V' in 'org/lwjgl/opengl/GL11'
RCX=0x0000000000000000 is an unknown value
RDX=0x0000000000000000 is an unknown value
RSP=0x000000000451e548 is pointing into the stack for thread: 0x0000000004632800
RBP=0x000000000451e5d8 is pointing into the stack for thread: 0x0000000004632800
RSI=0x0000000004632800 is a thread
RDI=0x0000000004737da0 is at code_begin+832 in an Interpreter codelet
invoke return entry points  [0x0000000004737a60, 0x0000000004738440]  2528 bytes
R8 =0x0000000000000280 is an unknown value
R9 =0x00000000000001e0 is an unknown value
R10=0x0000000000000000 is an unknown value
R11=0x0000000060c5bc50 is an unknown value
R12=0x0000000000000000 is an unknown value
R13=0x0000000018e906b8 is pointing into metadata
R14=0x000000000451e610 is pointing into the stack for thread: 0x0000000004632800
R15=0x0000000004632800 is a thread


Stack: [0x0000000004420000,0x0000000004520000],  sp=0x000000000451e548,  free space=1017k
Native frames: (J=compiled Java code, j=interpreted, Vv=VM code, C=native code)
C  [lwjgl_opengl.dll+0x116ec]
C  0x0000000004747f74

Java frames: (J=compiled Java code, j=interpreted, Vv=VM code)
j  org.lwjgl.opengl.GL11.glViewport(IIII)V+0
j  MainWindow$1.invoke(JII)V+5
j  org.lwjgl.glfw.GLFWWindowSizeCallbackI.callback(J)V+13
v  ~StubRoutines::call_stub
j  org.lwjgl.system.JNI.invokePV(JJ)V+0
j  org.lwjgl.glfw.GLFW.glfwShowWindow(J)V+20
j  MainWindow.init()V+265
j  MainWindow.run()V+16
j  MainWindow.main([Ljava/lang/String;)V+7
v  ~StubRoutines::call_stub

---------------  P R O C E S S  ---------------

Java Threads: ( => current thread )
  0x000000001aad5000 JavaThread "Service Thread" daemon [_thread_blocked, id=33084, stack(0x000000001b1b0000,0x000000001b2b0000)]
  0x000000001aa3c800 JavaThread "C1 CompilerThread2" daemon [_thread_blocked, id=23684, stack(0x000000001b0b0000,0x000000001b1b0000)]
  0x000000001aa39800 JavaThread "C2 CompilerThread1" daemon [_thread_blocked, id=30328, stack(0x000000001afb0000,0x000000001b0b0000)]
  0x000000001aa35000 JavaThread "C2 CompilerThread0" daemon [_thread_blocked, id=30472, stack(0x000000001aeb0000,0x000000001afb0000)]
  0x00000000192bc800 JavaThread "Monitor Ctrl-Break" daemon [_thread_in_native, id=15500, stack(0x000000001adb0000,0x000000001aeb0000)]
  0x000000001927a000 JavaThread "Attach Listener" daemon [_thread_blocked, id=34968, stack(0x000000001a8b0000,0x000000001a9b0000)]
  0x0000000019279000 JavaThread "Signal Dispatcher" daemon [_thread_blocked, id=30872, stack(0x000000001a7b0000,0x000000001a8b0000)]
  0x0000000019259800 JavaThread "Finalizer" daemon [_thread_blocked, id=14244, stack(0x000000001a4c0000,0x000000001a5c0000)]
  0x0000000004722000 JavaThread "Reference Handler" daemon [_thread_blocked, id=25564, stack(0x000000001a3c0000,0x000000001a4c0000)]
=>0x0000000004632800 JavaThread "main" [_thread_in_native, id=24828, stack(0x0000000004420000,0x0000000004520000)]

Other Threads:
  0x0000000019237800 VMThread [stack: 0x000000001a2c0000,0x000000001a3c0000] [id=15820]
  0x000000001aaab800 WatcherThread [stack: 0x000000001b2b0000,0x000000001b3b0000] [id=27768]

VM state:not at safepoint (normal execution)

VM Mutex/Monitor currently owned by a thread: None

Heap:
 PSYoungGen      total 38400K, used 5943K [0x00000000d5e00000, 0x00000000da900000, 0x0000000100000000)
  eden space 33280K, 15% used [0x00000000d5e00000,0x00000000d62ecb40,0x00000000d7e80000)
  from space 5120K, 17% used [0x00000000d7e80000,0x00000000d7f61168,0x00000000d8380000)
  to   space 5120K, 0% used [0x00000000da400000,0x00000000da400000,0x00000000da900000)
 ParOldGen       total 87552K, used 12125K [0x0000000081a00000, 0x0000000086f80000, 0x00000000d5e00000)
  object space 87552K, 13% used [0x0000000081a00000,0x00000000825d75f8,0x0000000086f80000)
 Metaspace       used 6659K, capacity 6916K, committed 7040K, reserved 1056768K
  class space    used 717K, capacity 802K, committed 896K, reserved 1048576K

Card table byte_map: [0x0000000013af0000,0x0000000013ef0000] byte_map_base: 0x00000000136e3000

Marking Bits: (ParMarkBitMap*) 0x000000006124d850
 Begin Bits: [0x00000000145a0000, 0x0000000016538000)
 End Bits:   [0x0000000016538000, 0x00000000184d0000)

Polling page: 0x0000000002a30000

CodeCache: size=245760Kb used=2413Kb max_used=2413Kb free=243346Kb
 bounds [0x0000000004730000, 0x00000000049a0000, 0x0000000013730000]
 total_blobs=1272 nmethods=537 adapters=648
 compilation: enabled

Compilation events (10 events):
Event: 0.955 Thread 0x000000001aa3c800  532   !   3       sun.misc.URLClassPath$JarLoader::getResource (353 bytes)
Event: 0.955 Thread 0x000000001aa35000  534       4       java.util.concurrent.ConcurrentHashMap::setTabAt (19 bytes)
Event: 0.955 Thread 0x000000001aa39800  535       4       java.util.concurrent.ConcurrentHashMap::tabAt (21 bytes)
Event: 0.956 Thread 0x000000001aa39800 nmethod 535 0x0000000004989b90 code [0x0000000004989cc0, 0x0000000004989d18]
Event: 0.956 Thread 0x000000001aa35000 nmethod 534 0x0000000004988490 code [0x00000000049885c0, 0x0000000004988638]
Event: 0.956 Thread 0x000000001aa3c800 nmethod 532 0x000000000498b510 code [0x000000000498b920, 0x000000000498d7a8]
Event: 0.956 Thread 0x000000001aa3c800  533       3       java.io.InputStream::<init> (5 bytes)
Event: 0.956 Thread 0x000000001aa3c800 nmethod 533 0x00000000049893d0 code [0x0000000004989540, 0x00000000049896f0]
Event: 0.956 Thread 0x000000001aa3c800  537       3       java.lang.StringBuffer::<init> (6 bytes)
Event: 0.956 Thread 0x000000001aa3c800 nmethod 537 0x0000000004988e90 code [0x0000000004989000, 0x00000000049892b0]

GC Heap History (2 events):
Event: 0.303 GC heap before
{Heap before GC invocations=1 (full 0):
 PSYoungGen      total 38400K, used 33280K [0x00000000d5e00000, 0x00000000d8880000, 0x0000000100000000)
  eden space 33280K, 100% used [0x00000000d5e00000,0x00000000d7e80000,0x00000000d7e80000)
  from space 5120K, 0% used [0x00000000d8380000,0x00000000d8380000,0x00000000d8880000)
  to   space 5120K, 0% used [0x00000000d7e80000,0x00000000d7e80000,0x00000000d8380000)
 ParOldGen       total 87552K, used 0K [0x0000000081a00000, 0x0000000086f80000, 0x00000000d5e00000)
  object space 87552K, 0% used [0x0000000081a00000,0x0000000081a00000,0x0000000086f80000)
 Metaspace       used 4822K, capacity 5024K, committed 5248K, reserved 1056768K
  class space    used 545K, capacity 634K, committed 640K, reserved 1048576K
Event: 0.309 GC heap after
Heap after GC invocations=1 (full 0):
 PSYoungGen      total 38400K, used 900K [0x00000000d5e00000, 0x00000000da900000, 0x0000000100000000)
  eden space 33280K, 0% used [0x00000000d5e00000,0x00000000d5e00000,0x00000000d7e80000)
  from space 5120K, 17% used [0x00000000d7e80000,0x00000000d7f61168,0x00000000d8380000)
  to   space 5120K, 0% used [0x00000000da400000,0x00000000da400000,0x00000000da900000)
 ParOldGen       total 87552K, used 12125K [0x0000000081a00000, 0x0000000086f80000, 0x00000000d5e00000)
  object space 87552K, 13% used [0x0000000081a00000,0x00000000825d75f8,0x0000000086f80000)
 Metaspace       used 4822K, capacity 5024K, committed 5248K, reserved 1056768K
  class space    used 545K, capacity 634K, committed 640K, reserved 1048576K
}

Deoptimization events (8 events):
Event: 0.316 Thread 0x0000000004632800 Uncommon trap: reason=speculate_class_check action=maybe_recompile pc=0x0000000004879b14 method=java.nio.charset.CharsetDecoder.replaceWith(Ljava/lang/String;)Ljava/nio/charset/CharsetDecoder; @ 63
Event: 0.319 Thread 0x0000000004632800 Uncommon trap: reason=speculate_class_check action=maybe_recompile pc=0x0000000004879b14 method=java.nio.charset.CharsetDecoder.replaceWith(Ljava/lang/String;)Ljava/nio/charset/CharsetDecoder; @ 63
Event: 0.320 Thread 0x0000000004632800 Uncommon trap: reason=speculate_class_check action=maybe_recompile pc=0x0000000004879b14 method=java.nio.charset.CharsetDecoder.replaceWith(Ljava/lang/String;)Ljava/nio/charset/CharsetDecoder; @ 63
Event: 0.339 Thread 0x0000000004632800 Uncommon trap: reason=speculate_class_check action=maybe_recompile pc=0x0000000004879b14 method=java.nio.charset.CharsetDecoder.replaceWith(Ljava/lang/String;)Ljava/nio/charset/CharsetDecoder; @ 63
Event: 0.346 Thread 0x0000000004632800 Uncommon trap: reason=class_check action=maybe_recompile pc=0x000000000487124c method=java.nio.charset.CharsetDecoder.replaceWith(Ljava/lang/String;)Ljava/nio/charset/CharsetDecoder; @ 63
Event: 0.374 Thread 0x0000000004632800 Uncommon trap: reason=class_check action=maybe_recompile pc=0x000000000487124c method=java.nio.charset.CharsetDecoder.replaceWith(Ljava/lang/String;)Ljava/nio/charset/CharsetDecoder; @ 63
Event: 0.380 Thread 0x0000000004632800 Uncommon trap: reason=class_check action=maybe_recompile pc=0x000000000487124c method=java.nio.charset.CharsetDecoder.replaceWith(Ljava/lang/String;)Ljava/nio/charset/CharsetDecoder; @ 63
Event: 0.950 Thread 0x0000000004632800 Uncommon trap: reason=class_check action=maybe_recompile pc=0x000000000487124c method=java.nio.charset.CharsetDecoder.replaceWith(Ljava/lang/String;)Ljava/nio/charset/CharsetDecoder; @ 63

Internal exceptions (10 events):
Event: 0.142 Thread 0x0000000004632800 Exception <a 'java/lang/ArrayIndexOutOfBoundsException': -1> (0x00000000d6eed1f0) thrown at [C:\re\workspace\8-2-build-windows-amd64-cygwin\jdk8u144\9417\hotspot\src\share\vm\interpreter\interpreterRuntime.cpp, line 366]
Event: 0.279 Thread 0x0000000004632800 Exception <a 'java/lang/NoSuchMethodError': java.lang.Object.lambda$static$0(Ljava/lang/String;)Ljava/lang/Boolean;> (0x00000000d7d3ad70) thrown at [C:\re\workspace\8-2-build-windows-amd64-cygwin\jdk8u144\9417\hotspot\src\share\vm\interpreter\linkResolver
Event: 0.290 Thread 0x0000000004632800 Exception <a 'java/lang/NoSuchFieldError': method resolution failed> (0x00000000d7dbd108) thrown at [C:\re\workspace\8-2-build-windows-amd64-cygwin\jdk8u144\9417\hotspot\src\share\vm\prims\methodHandles.cpp, line 1146]
Event: 0.291 Thread 0x0000000004632800 Exception <a 'java/lang/NoSuchFieldError': method resolution failed> (0x00000000d7dcaf50) thrown at [C:\re\workspace\8-2-build-windows-amd64-cygwin\jdk8u144\9417\hotspot\src\share\vm\prims\methodHandles.cpp, line 1146]
Event: 0.334 Thread 0x0000000004632800 Exception <a 'java/security/PrivilegedActionException'> (0x00000000d5f794b0) thrown at [C:\re\workspace\8-2-build-windows-amd64-cygwin\jdk8u144\9417\hotspot\src\share\vm\prims\jvm.cpp, line 1390]
Event: 0.334 Thread 0x0000000004632800 Exception <a 'java/security/PrivilegedActionException'> (0x00000000d5f796c0) thrown at [C:\re\workspace\8-2-build-windows-amd64-cygwin\jdk8u144\9417\hotspot\src\share\vm\prims\jvm.cpp, line 1390]
Event: 0.335 Thread 0x0000000004632800 Exception <a 'java/security/PrivilegedActionException'> (0x00000000d5f7d7b8) thrown at [C:\re\workspace\8-2-build-windows-amd64-cygwin\jdk8u144\9417\hotspot\src\share\vm\prims\jvm.cpp, line 1390]
Event: 0.335 Thread 0x0000000004632800 Exception <a 'java/security/PrivilegedActionException'> (0x00000000d5f7d9c8) thrown at [C:\re\workspace\8-2-build-windows-amd64-cygwin\jdk8u144\9417\hotspot\src\share\vm\prims\jvm.cpp, line 1390]
Event: 0.954 Thread 0x0000000004632800 Exception <a 'sun/nio/fs/WindowsException'> (0x00000000d6246b10) thrown at [C:\re\workspace\8-2-build-windows-amd64-cygwin\jdk8u144\9417\hotspot\src\share\vm\prims\jni.cpp, line 709]
Event: 0.954 Thread 0x0000000004632800 Exception <a 'sun/nio/fs/WindowsException'> (0x00000000d6248508) thrown at [C:\re\workspace\8-2-build-windows-amd64-cygwin\jdk8u144\9417\hotspot\src\share\vm\prims\jni.cpp, line 709]

Events (10 events):
Event: 0.954 loading class java/nio/file/NoSuchFileException
Event: 0.954 loading class java/nio/file/FileSystemException
Event: 0.954 loading class java/nio/file/FileSystemException done
Event: 0.954 loading class java/nio/file/NoSuchFileException done
Event: 0.954 loading class org/lwjgl/opengl/GL$1
Event: 0.954 loading class org/lwjgl/opengl/GL$1 done
Event: 0.955 loading class org/lwjgl/opengl/GL$SharedLibraryGL
Event: 0.955 loading class org/lwjgl/opengl/GL$SharedLibraryGL done
Event: 0.956 loading class org/lwjgl/system/SharedLibrary$Delegate
Event: 0.956 loading class org/lwjgl/system/SharedLibrary$Delegate done


Dynamic libraries:
0x00007ff75a160000 - 0x00007ff75a197000 	C:\Program Files\Java\jdk1.8.0_144\bin\java.exe
0x00007ffd6c940000 - 0x00007ffd6cb20000 	C:\WINDOWS\SYSTEM32\ntdll.dll
0x00007ffd51fa0000 - 0x00007ffd51fd4000 	C:\Program Files (x86)\AVG\Antivirus\x64\aswhooka.dll
0x00007ffd6bc50000 - 0x00007ffd6bcfe000 	C:\WINDOWS\System32\KERNEL32.DLL
0x00007ffd69450000 - 0x00007ffd696b6000 	C:\WINDOWS\System32\KERNELBASE.dll
0x00007ffd69e10000 - 0x00007ffd69eb1000 	C:\WINDOWS\System32\ADVAPI32.dll
0x00007ffd6ba30000 - 0x00007ffd6bacd000 	C:\WINDOWS\System32\msvcrt.dll
0x00007ffd6bbf0000 - 0x00007ffd6bc4b000 	C:\WINDOWS\System32\sechost.dll
0x00007ffd6bad0000 - 0x00007ffd6bbef000 	C:\WINDOWS\System32\RPCRT4.dll
0x00007ffd69ec0000 - 0x00007ffd6a04f000 	C:\WINDOWS\System32\USER32.dll
0x00007ffd68f90000 - 0x00007ffd68fb0000 	C:\WINDOWS\System32\win32u.dll
0x00007ffd6c420000 - 0x00007ffd6c448000 	C:\WINDOWS\System32\GDI32.dll
0x00007ffd68d40000 - 0x00007ffd68ed3000 	C:\WINDOWS\System32\gdi32full.dll
0x00007ffd690e0000 - 0x00007ffd6917b000 	C:\WINDOWS\System32\msvcp_win.dll
0x00007ffd69180000 - 0x00007ffd69276000 	C:\WINDOWS\System32\ucrtbase.dll
0x00007ffd5cab0000 - 0x00007ffd5cd19000 	C:\WINDOWS\WinSxS\amd64_microsoft.windows.common-controls_6595b64144ccf1df_6.0.16299.192_none_15c8cdae9364c23b\COMCTL32.dll
0x00007ffd6c500000 - 0x00007ffd6c808000 	C:\WINDOWS\System32\combase.dll
0x00007ffd69000000 - 0x00007ffd69072000 	C:\WINDOWS\System32\bcryptPrimitives.dll
0x00007ffd6a050000 - 0x00007ffd6a07d000 	C:\WINDOWS\System32\IMM32.DLL
0x00000000612d0000 - 0x00000000613a2000 	C:\Program Files\Java\jdk1.8.0_144\jre\bin\msvcr100.dll
0x0000000060a30000 - 0x00000000612cd000 	C:\Program Files\Java\jdk1.8.0_144\jre\bin\server\jvm.dll
0x00007ffd6b9c0000 - 0x00007ffd6b9c8000 	C:\WINDOWS\System32\PSAPI.DLL
0x00007ffd655e0000 - 0x00007ffd655e9000 	C:\WINDOWS\SYSTEM32\WSOCK32.dll
0x00007ffd6c890000 - 0x00007ffd6c8fc000 	C:\WINDOWS\System32\WS2_32.dll
0x00007ffd66460000 - 0x00007ffd66483000 	C:\WINDOWS\SYSTEM32\WINMM.dll
0x00007ffd63900000 - 0x00007ffd6390a000 	C:\WINDOWS\SYSTEM32\VERSION.dll
0x00007ffd66430000 - 0x00007ffd6645a000 	C:\WINDOWS\SYSTEM32\WINMMBASE.dll
0x00007ffd68fb0000 - 0x00007ffd68ffa000 	C:\WINDOWS\System32\cfgmgr32.dll
0x0000000061ff0000 - 0x0000000061fff000 	C:\Program Files\Java\jdk1.8.0_144\jre\bin\verify.dll
0x0000000061fc0000 - 0x0000000061fe9000 	C:\Program Files\Java\jdk1.8.0_144\jre\bin\java.dll
0x0000000060a00000 - 0x0000000060a23000 	C:\Program Files\Java\jdk1.8.0_144\jre\bin\instrument.dll
0x0000000061fa0000 - 0x0000000061fb6000 	C:\Program Files\Java\jdk1.8.0_144\jre\bin\zip.dll
0x00007ffd6a4e0000 - 0x00007ffd6b916000 	C:\WINDOWS\System32\SHELL32.dll
0x00007ffd6c450000 - 0x00007ffd6c4f6000 	C:\WINDOWS\System32\shcore.dll
0x00007ffd696c0000 - 0x00007ffd69e07000 	C:\WINDOWS\System32\windows.storage.dll
0x00007ffd6b9d0000 - 0x00007ffd6ba21000 	C:\WINDOWS\System32\shlwapi.dll
0x00007ffd68d20000 - 0x00007ffd68d31000 	C:\WINDOWS\System32\kernel.appcore.dll
0x00007ffd68cb0000 - 0x00007ffd68cfc000 	C:\WINDOWS\System32\powrprof.dll
0x00007ffd68d00000 - 0x00007ffd68d1b000 	C:\WINDOWS\System32\profapi.dll
0x00007ffd62d90000 - 0x00007ffd62daa000 	C:\Program Files\JetBrains\IntelliJ IDEA Community Edition 2017.2.6\bin\breakgen64.dll
0x0000000061f80000 - 0x0000000061f9a000 	C:\Program Files\Java\jdk1.8.0_144\jre\bin\net.dll
0x00007ffd684c0000 - 0x00007ffd68526000 	C:\WINDOWS\system32\mswsock.dll
0x0000000061f60000 - 0x0000000061f71000 	C:\Program Files\Java\jdk1.8.0_144\jre\bin\nio.dll
0x00007ffd5ab40000 - 0x00007ffd5ab99000 	C:\Users\josep\AppData\Local\Temp\lwjgljosep\3.1.5-build-1\lwjgl.dll
0x00007ffd5bff0000 - 0x00007ffd5c03e000 	C:\Users\josep\AppData\Local\Temp\lwjgljosep\3.1.5-build-1\glfw.dll
0x00007ffd67470000 - 0x00007ffd67505000 	C:\WINDOWS\system32\uxtheme.dll
0x00007ffd2b320000 - 0x00007ffd2b363000 	C:\WINDOWS\SYSTEM32\dinput8.dll
0x00007ffd5ae40000 - 0x00007ffd5ae50000 	C:\WINDOWS\SYSTEM32\xinput1_4.dll
0x00007ffd68aa0000 - 0x00007ffd68ac7000 	C:\WINDOWS\SYSTEM32\DEVOBJ.dll
0x00007ffd64660000 - 0x00007ffd6468e000 	C:\WINDOWS\SYSTEM32\inputhost.dll
0x00007ffd664c0000 - 0x00007ffd6659c000 	C:\WINDOWS\SYSTEM32\CoreMessaging.dll
0x00007ffd64ce0000 - 0x00007ffd64fce000 	C:\WINDOWS\SYSTEM32\CoreUIComponents.dll
0x00007ffd67dd0000 - 0x00007ffd67e01000 	C:\WINDOWS\SYSTEM32\ntmarta.dll
0x00007ffd64ba0000 - 0x00007ffd64cd6000 	C:\WINDOWS\SYSTEM32\wintypes.dll
0x00007ffd67540000 - 0x00007ffd6756a000 	C:\WINDOWS\SYSTEM32\dwmapi.dll
0x00007ffd6a1d0000 - 0x00007ffd6a337000 	C:\WINDOWS\System32\MSCTF.dll
0x00007ffd6be90000 - 0x00007ffd6bf55000 	C:\WINDOWS\System32\OLEAUT32.dll
0x00007ffd54dc0000 - 0x00007ffd54de8000 	c:\program files\nvidia corporation\nvstreamsrv\nvinject.dll
0x00007ffd67a70000 - 0x00007ffd67a7c000 	C:\WINDOWS\SYSTEM32\HID.DLL
0x00007ffd6bf70000 - 0x00007ffd6c3be000 	C:\WINDOWS\System32\SETUPAPI.DLL
0x00007ffd69080000 - 0x00007ffd690d8000 	C:\WINDOWS\System32\WINTRUST.dll
0x00007ffd68c90000 - 0x00007ffd68ca2000 	C:\WINDOWS\System32\MSASN1.dll
0x00007ffd69280000 - 0x00007ffd6944e000 	C:\WINDOWS\System32\CRYPT32.dll
0x00007ffd49af0000 - 0x00007ffd49c0e000 	C:\WINDOWS\SYSTEM32\opengl32.dll
0x00007ffd4a3a0000 - 0x00007ffd4a3cc000 	C:\WINDOWS\SYSTEM32\GLU32.dll
0x000000005e810000 - 0x00000000609fa000 	C:\WINDOWS\System32\DriverStore\FileRepository\nv_dispi.inf_amd64_5601d21ccd639df9\nvoglv64.dll
0x00007ffd6a080000 - 0x00007ffd6a1c9000 	C:\WINDOWS\System32\ole32.dll
0x00007ffd65aa0000 - 0x00007ffd65ab3000 	C:\WINDOWS\SYSTEM32\WTSAPI32.dll
0x00007ffd33070000 - 0x00007ffd332c9000 	C:\WINDOWS\system32\nvspcap64.dll
0x00007ffd686a0000 - 0x00007ffd686f5000 	C:\WINDOWS\SYSTEM32\WINSTA.dll
0x00007ffd60350000 - 0x00007ffd603e8000 	C:\WINDOWS\System32\TextInputFramework.dll
0x00007ffd5aae0000 - 0x00007ffd5ab3f000 	C:\Users\josep\AppData\Local\Temp\lwjgljosep\3.1.5-build-1\lwjgl_opengl.dll
0x00007ffd54a60000 - 0x00007ffd54c28000 	C:\WINDOWS\SYSTEM32\dbghelp.dll

VM Arguments:
jvm_args: -javaagent:C:\Program Files\JetBrains\IntelliJ IDEA Community Edition 2017.2.6\lib\idea_rt.jar=56254:C:\Program Files\JetBrains\IntelliJ IDEA Community Edition 2017.2.6\bin -Dfile.encoding=UTF-8 
java_command: MainWindow
java_class_path (initial): C:\Program Files\Java\jdk1.8.0_144\jre\lib\charsets.jar;C:\Program Files\Java\jdk1.8.0_144\jre\lib\deploy.jar;C:\Program Files\Java\jdk1.8.0_144\jre\lib\ext\access-bridge-64.jar;C:\Program Files\Java\jdk1.8.0_144\jre\lib\ext\cldrdata.jar;C:\Program Files\Java\jdk1.8.0_144\jre\lib\ext\dnsns.jar;C:\Program Files\Java\jdk1.8.0_144\jre\lib\ext\jaccess.jar;C:\Program Files\Java\jdk1.8.0_144\jre\lib\ext\jfxrt.jar;C:\Program Files\Java\jdk1.8.0_144\jre\lib\ext\localedata.jar;C:\Program Files\Java\jdk1.8.0_144\jre\lib\ext\nashorn.jar;C:\Program Files\Java\jdk1.8.0_144\jre\lib\ext\sunec.jar;C:\Program Files\Java\jdk1.8.0_144\jre\lib\ext\sunjce_provider.jar;C:\Program Files\Java\jdk1.8.0_144\jre\lib\ext\sunmscapi.jar;C:\Program Files\Java\jdk1.8.0_144\jre\lib\ext\sunpkcs11.jar;C:\Program Files\Java\jdk1.8.0_144\jre\lib\ext\zipfs.jar;C:\Program Files\Java\jdk1.8.0_144\jre\lib\javaws.jar;C:\Program Files\Java\jdk1.8.0_144\jre\lib\jce.jar;C:\Program Files\Java\jdk1.8.0_144\jre\lib\jfr.jar;C:\Program Files\Java\jdk1.8.0_144\jre\lib\jfxswt.jar;C:\Program Files\Java\jdk1.8.0_144\jre\lib\jsse.jar;C:\Program Files\Java\jdk1.8.0_144\jre\lib\management-agent.jar;C:\Program Files\Java\jdk1.8.0_144\jre\lib\plugin.jar;C:\Program Files\Java\jdk1.8.0_144\jre\lib\resources.jar;C:\Program Files\Java\jdk1.8.0_144\jre\lib\rt.jar;C:\Users\josep\IdeaProjects\Java-DOOMlike\out\production\Java-DOOMlike;C:\Users\josep\IdeaProjects\Java-DOOMlike\lib\natives\lwjgl-natives-windows.jar;C:\Users\josep\IdeaProjects\Java-DOOMlike\lib\lwjgl.jar;C:\Users\josep\IdeaProjects\Java-DOOMlike\lib\natives\lwjgl-opengl-natives-windows.jar;C:\Users\josep\IdeaProjects\Java-DOOMlike\lib\lwjgl-opengl.jar;C:\Users\josep\IdeaProjects\Java-DOOMlike\lib\natives\lwjgl-glfw-natives-windows.jar;C:\Users\josep\IdeaProjects\Java-DOOMlike\lib\lwjgl-glfw.jar;C:\Users\josep\IdeaProjects\Java-DOOMlike\lib\lwjgl-opencl.jar;C:\Program Files\JetBrains\IntelliJ IDEA Community Edition 2017.2.6\lib\idea_rt.jar
Launcher Type: SUN_STANDARD

Environment Variables:
PATH=C:\Program Files (x86)\Intel\iCLS Client\;C:\Program Files\Intel\iCLS Client\;C:\ProgramData\Oracle\Java\javapath;C:\WINDOWS\system32;C:\WINDOWS;C:\WINDOWS\System32\Wbem;C:\WINDOWS\System32\WindowsPowerShell\v1.0\;C:\Program Files\PuTTY\;C:\Program Files (x86)\Intel\Intel(R) Management Engine Components\DAL;C:\Program Files\Intel\Intel(R) Management Engine Components\DAL;C:\Program Files (x86)\Intel\Intel(R) Management Engine Components\IPT;C:\Program Files\Intel\Intel(R) Management Engine Components\IPT;C:\Program Files (x86)\NVIDIA Corporation\PhysX\Common;C:\Program Files\mingw-w64\x86_64-7.1.0-win32-seh-rt_v5-rev2\mingw64\bin;C:\WINDOWS\system32;C:\WINDOWS;C:\WINDOWS\System32\Wbem;C:\WINDOWS\System32\WindowsPowerShell\v1.0\;C:\Users\josep\AppData\Local\GitHubDesktop\app-1.0.13\resources\app\git\cmd;C:\Users\josep\AppData\Local\Programs\Python\Python36-32\Scripts\;C:\Users\josep\AppData\Local\Programs\Python\Python36-32\;C:\Users\josep\AppData\Local\Microsoft\WindowsApps;C:\Users\josep\AppData\Local\atom\bin;C:\Users\josep\AppData\Local\GitHubDesktop\bin
USERNAME=josep
OS=Windows_NT
PROCESSOR_IDENTIFIER=Intel64 Family 6 Model 158 Stepping 9, GenuineIntel



---------------  S Y S T E M  ---------------

OS: Windows 10.0 , 64 bit Build 16299 (10.0.16299.15)

CPU:total 4 (initial active 4) (4 cores per cpu, 1 threads per core) family 6 model 158 stepping 9, cmov, cx8, fxsr, mmx, sse, sse2, sse3, ssse3, sse4.1, sse4.2, popcnt, avx, avx2, aes, clmul, erms, rtm, 3dnowpref, lzcnt, tsc, tscinvbit, bmi1, bmi2, adx

Memory: 4k page, physical 8278876k(1603940k free), swap 15618908k(4009052k free)

vm_info: Java HotSpot(TM) 64-Bit Server VM (25.144-b01) for windows-amd64 JRE (1.8.0_144-b01), built on Jul 21 2017 21:57:33 by "java_re" with MS VC++ 10.0 (VS2010)

time: Sun Feb 04 17:44:15 2018
elapsed time: 0 seconds (0d 0h 0m 0s)

